<?xml version="1.0" encoding="UTF-8"?>
<!-- Generated by org.testng.reporters.JUnitXMLReporter -->
<testsuite hostname="JAGA" ignored="0" name="AccountCreationAndSignIn" tests="1" failures="1" timestamp="21 Apr 2018 06:16:40 GMT" time="39.528" errors="0">
  <testcase name="createAccount" time="10.23" classname="com.jaga.hybrid.testscripts.AccountCreation">
    <failure type="java.lang.AssertionError" message="expected [http://www.gcrit.com/build3/create_account_success.php] but found [http://www.gcrit.com/build3/create_account.php]">
      <![CDATA[java.lang.AssertionError: expected [http://www.gcrit.com/build3/create_account_success.php] but found [http://www.gcrit.com/build3/create_account.php]
	at com.jaga.hybrid.testscripts.AccountCreation.createAccount(AccountCreation.java:65)
... Removed 31 stack frames]]>
    </failure>
  </testcase> <!-- createAccount -->
</testsuite> <!-- AccountCreationAndSignIn -->
