<?xml version="1.0" encoding="UTF-8"?>
<!-- Generated by org.testng.reporters.JUnitXMLReporter -->
<testsuite hostname="JAGA" ignored="0" name="AccountCreation" tests="2" failures="2" timestamp="04 May 2018 02:49:29 GMT" time="32.848" errors="0">
  <testcase name="createAccount" time="7.36" classname="com.jaga.hybrid.testscripts.AccountCreation">
    <failure type="java.lang.AssertionError" message="expected [http://www.gcrit.com/build3/create_account_success.php] but found [http://www.gcrit.com/build3/create_account.php]">
      <![CDATA[java.lang.AssertionError: expected [http://www.gcrit.com/build3/create_account_success.php] but found [http://www.gcrit.com/build3/create_account.php]
	at com.jaga.hybrid.testscripts.AccountCreation.createAccount(AccountCreation.java:66)
... Removed 31 stack frames]]>
    </failure>
  </testcase> <!-- createAccount -->
  <testcase name="createAccount" time="6.986" classname="com.jaga.hybrid.testscripts.AccountCreation">
    <failure type="java.lang.AssertionError" message="expected [http://www.gcrit.com/build3/create_account_success.php] but found [http://www.gcrit.com/build3/create_account.php]">
      <![CDATA[java.lang.AssertionError: expected [http://www.gcrit.com/build3/create_account_success.php] but found [http://www.gcrit.com/build3/create_account.php]
	at com.jaga.hybrid.testscripts.AccountCreation.createAccount(AccountCreation.java:66)
... Removed 31 stack frames]]>
    </failure>
  </testcase> <!-- createAccount -->
</testsuite> <!-- AccountCreation -->
