<?xml version="1.0" encoding="UTF-8"?>
<!-- Generated by org.testng.reporters.JUnitXMLReporter -->
<testsuite hostname="JAGA" ignored="0" name="SignIn" tests="2" failures="1" timestamp="24 Apr 2018 03:18:20 GMT" time="22.919" errors="0">
  <testcase name="signIn" time="2.78" classname="com.jaga.hybrid.testscripts.SignIn"/>
  <testcase name="signIn" time="2.598" classname="com.jaga.hybrid.testscripts.SignIn">
    <failure type="java.lang.AssertionError" message="expected [http://www.gcrit.com/build3/index.php] but found [http://www.gcrit.com/build3/login.php?action=process&amp;amp;osCsid=p844ul6k3mqvu7ndrtcqr7sfs6]">
      <![CDATA[java.lang.AssertionError: expected [http://www.gcrit.com/build3/index.php] but found [http://www.gcrit.com/build3/login.php?action=process&osCsid=p844ul6k3mqvu7ndrtcqr7sfs6]
	at com.jaga.hybrid.testscripts.SignIn.signIn(SignIn.java:50)
... Removed 31 stack frames]]>
    </failure>
  </testcase> <!-- signIn -->
</testsuite> <!-- SignIn -->
