<!DOCTYPE html PUBLIC "-//W3C//DTD XHTML 1.1//EN" "http://www.w3.org/TR/xhtml11/DTD/xhtml11.dtd">
<html xmlns="http://www.w3.org/1999/xhtml"><head><title>TestNG Report</title><style type="text/css">table {margin-bottom:10px;border-collapse:collapse;empty-cells:show}th,td {border:1px solid #009;padding:.25em .5em}th {vertical-align:bottom}td {vertical-align:top}table a {font-weight:bold}.stripe td {background-color: #E6EBF9}.num {text-align:right}.passedodd td {background-color: #3F3}.passedeven td {background-color: #0A0}.skippedodd td {background-color: #DDD}.skippedeven td {background-color: #CCC}.failedodd td,.attn {background-color: #F33}.failedeven td,.stripe .attn {background-color: #D00}.stacktrace {white-space:pre;font-family:monospace}.totop {font-size:85%;text-align:center;border-bottom:2px solid #000}</style></head><body><table><tr><th>Test</th><th># Passed</th><th># Skipped</th><th># Failed</th><th>Time (ms)</th><th>Included Groups</th><th>Excluded Groups</th></tr><tr><th colspan="7">Regression Suite</th></tr><tr><td><a href="#t0">AccountCreation</a></td><td class="num">1</td><td class="num">0</td><td class="num attn">1</td><td class="num">67,438</td><td></td><td></td></tr><tr class="stripe"><td><a href="#t1">SignIn</a></td><td class="num">1</td><td class="num">0</td><td class="num attn">1</td><td class="num">22,919</td><td></td><td></td></tr><tr><th>Total</th><th class="num">2</th><th class="num">0</th><th class="num attn">2</th><th class="num">90,357</th><th colspan="2"></th></tr></table><table><thead><tr><th>Class</th><th>Method</th><th>Start</th><th>Time (ms)</th></tr></thead><tbody><tr><th colspan="4">Regression Suite</th></tr></tbody><tbody id="t0"><tr><th colspan="4">AccountCreation &#8212; failed</th></tr><tr class="failedeven"><td rowspan="1">com.jaga.hybrid.testscripts.AccountCreation</td><td><a href="#m0">createAccount</a></td><td rowspan="1">1524539866094</td><td rowspan="1">8217</td></tr><tr><th colspan="4">AccountCreation &#8212; passed</th></tr><tr class="passedeven"><td rowspan="1">com.jaga.hybrid.testscripts.AccountCreation</td><td><a href="#m1">createAccount</a></td><td rowspan="1">1524539843660</td><td rowspan="1">9811</td></tr></tbody><tbody id="t1"><tr><th colspan="4">SignIn &#8212; failed</th></tr><tr class="failedeven"><td rowspan="1">com.jaga.hybrid.testscripts.SignIn</td><td><a href="#m2">signIn</a></td><td rowspan="1">1524539896353</td><td rowspan="1">2598</td></tr><tr><th colspan="4">SignIn &#8212; passed</th></tr><tr class="passedeven"><td rowspan="1">com.jaga.hybrid.testscripts.SignIn</td><td><a href="#m3">signIn</a></td><td rowspan="1">1524539885081</td><td rowspan="1">2780</td></tr></tbody></table><h2>AccountCreation</h2><h3 id="m0">com.jaga.hybrid.testscripts.AccountCreation#createAccount</h3><table class="result"><tr class="param"><th>Parameter #1</th><th>Parameter #2</th><th>Parameter #3</th><th>Parameter #4</th><th>Parameter #5</th><th>Parameter #6</th><th>Parameter #7</th><th>Parameter #8</th><th>Parameter #9</th><th>Parameter #10</th><th>Parameter #11</th><th>Parameter #12</th><th>Parameter #13</th></tr><tr class="param stripe"><td>Jaga</td><td>Waran</td><td>05/04/2018</td><td>testjaga24042018@gmail.com</td><td>IT Company</td><td>Sholinganallur</td><td>600119</td><td>Chennai</td><td>TamilNadu</td><td>India</td><td>9876543212</td><td>jaga@12345</td><td>jaga@12345</td></tr><tr><th colspan="13">Exception</th></tr><tr><td colspan="13"><div class="stacktrace">java.lang.AssertionError: expected [http://www.gcrit.com/build3/create_account_success.php] but found [http://www.gcrit.com/build3/create_account.php]
	at com.jaga.hybrid.testscripts.AccountCreation.createAccount(AccountCreation.java:66)
... Removed 31 stack frames</div></td></tr></table><p class="totop"><a href="#summary">back to summary</a></p><h3 id="m1">com.jaga.hybrid.testscripts.AccountCreation#createAccount</h3><table class="result"><tr class="param"><th>Parameter #1</th><th>Parameter #2</th><th>Parameter #3</th><th>Parameter #4</th><th>Parameter #5</th><th>Parameter #6</th><th>Parameter #7</th><th>Parameter #8</th><th>Parameter #9</th><th>Parameter #10</th><th>Parameter #11</th><th>Parameter #12</th><th>Parameter #13</th></tr><tr class="param stripe"><td>Jaga</td><td>Waran</td><td>05/04/2018</td><td>testjaga24042018@gmail.com</td><td>IT Company</td><td>Sholinganallur</td><td>600119</td><td>Chennai</td><td>TamilNadu</td><td>India</td><td>9876543212</td><td>jaga@12345</td><td>jaga@12345</td></tr></table><p class="totop"><a href="#summary">back to summary</a></p><h2>SignIn</h2><h3 id="m2">com.jaga.hybrid.testscripts.SignIn#signIn</h3><table class="result"><tr class="param"><th>Parameter #1</th><th>Parameter #2</th></tr><tr class="param stripe"><td>testjaga24042018@gmail.com</td><td>jaga@1234</td></tr><tr><th colspan="2">Exception</th></tr><tr><td colspan="2"><div class="stacktrace">java.lang.AssertionError: expected [http://www.gcrit.com/build3/index.php] but found [http://www.gcrit.com/build3/login.php?action=process&amp;osCsid=p844ul6k3mqvu7ndrtcqr7sfs6]
	at com.jaga.hybrid.testscripts.SignIn.signIn(SignIn.java:50)
... Removed 31 stack frames</div></td></tr></table><p class="totop"><a href="#summary">back to summary</a></p><h3 id="m3">com.jaga.hybrid.testscripts.SignIn#signIn</h3><table class="result"><tr class="param"><th>Parameter #1</th><th>Parameter #2</th></tr><tr class="param stripe"><td>testjaga24042018@gmail.com</td><td>jaga@12345</td></tr></table><p class="totop"><a href="#summary">back to summary</a></p></body></html>