<?xml version="1.0" encoding="UTF-8"?>
<testng-results skipped="0" failed="1" ignored="0" total="1" passed="0">
  <reporter-output>
  </reporter-output>
  <suite name="Default suite" duration-ms="19229" started-at="2018-04-20T03:51:22Z" finished-at="2018-04-20T03:51:41Z">
    <groups>
    </groups>
    <test name="Default test" duration-ms="19229" started-at="2018-04-20T03:51:22Z" finished-at="2018-04-20T03:51:41Z">
      <class name="com.jaga.hybrid.testscripts.AccountCreation">
        <test-method status="PASS" signature="init()[pri:0, instance:com.jaga.hybrid.testscripts.AccountCreation@1083826]" name="init" is-config="true" duration-ms="7561" started-at="2018-04-20T09:21:22Z" finished-at="2018-04-20T09:21:30Z">
          <reporter-output>
          </reporter-output>
        </test-method> <!-- init -->
        <test-method status="FAIL" signature="createAccount(java.lang.String, java.lang.String, java.lang.String, java.lang.String, java.lang.String, java.lang.String, java.lang.String, java.lang.String, java.lang.String, java.lang.String, java.lang.String, java.lang.String, java.lang.String)[pri:0, instance:com.jaga.hybrid.testscripts.AccountCreation@1083826]" name="createAccount" duration-ms="8401" started-at="2018-04-20T09:21:31Z" data-provider="createAccount" finished-at="2018-04-20T09:21:39Z">
          <params>
            <param index="0">
              <value>
                <![CDATA[Jaga]]>
              </value>
            </param>
            <param index="1">
              <value>
                <![CDATA[Waran]]>
              </value>
            </param>
            <param index="2">
              <value>
                <![CDATA[03/03/2018]]>
              </value>
            </param>
            <param index="3">
              <value>
                <![CDATA[testjaga18042018@gmail.com]]>
              </value>
            </param>
            <param index="4">
              <value>
                <![CDATA[IT Company]]>
              </value>
            </param>
            <param index="5">
              <value>
                <![CDATA[Sholinganallur]]>
              </value>
            </param>
            <param index="6">
              <value>
                <![CDATA[600119]]>
              </value>
            </param>
            <param index="7">
              <value>
                <![CDATA[Chennai]]>
              </value>
            </param>
            <param index="8">
              <value>
                <![CDATA[TamilNadu]]>
              </value>
            </param>
            <param index="9">
              <value>
                <![CDATA[India]]>
              </value>
            </param>
            <param index="10">
              <value>
                <![CDATA[9876543212]]>
              </value>
            </param>
            <param index="11">
              <value>
                <![CDATA[jaga@12345]]>
              </value>
            </param>
            <param index="12">
              <value>
                <![CDATA[jaga@12345]]>
              </value>
            </param>
          </params>
          <exception class="java.lang.AssertionError">
            <message>
              <![CDATA[expected [http://www.gcrit.com/build3/create_account_success.php] but found [http://www.gcrit.com/build3/create_account.php]]]>
            </message>
            <full-stacktrace>
              <![CDATA[java.lang.AssertionError: expected [http://www.gcrit.com/build3/create_account_success.php] but found [http://www.gcrit.com/build3/create_account.php]
	at org.testng.Assert.fail(Assert.java:94)
	at org.testng.Assert.failNotEquals(Assert.java:513)
	at org.testng.Assert.assertEqualsImpl(Assert.java:135)
	at org.testng.Assert.assertEquals(Assert.java:116)
	at org.testng.Assert.assertEquals(Assert.java:190)
	at org.testng.Assert.assertEquals(Assert.java:200)
	at com.jaga.hybrid.testscripts.AccountCreation.createAccount(AccountCreation.java:69)
	at sun.reflect.NativeMethodAccessorImpl.invoke0(Native Method)
	at sun.reflect.NativeMethodAccessorImpl.invoke(Unknown Source)
	at sun.reflect.DelegatingMethodAccessorImpl.invoke(Unknown Source)
	at java.lang.reflect.Method.invoke(Unknown Source)
	at org.testng.internal.MethodInvocationHelper.invokeMethod(MethodInvocationHelper.java:104)
	at org.testng.internal.Invoker.invokeMethod(Invoker.java:645)
	at org.testng.internal.Invoker.invokeTestMethod(Invoker.java:851)
	at org.testng.internal.Invoker.invokeTestMethods(Invoker.java:1177)
	at org.testng.internal.TestMethodWorker.invokeTestMethods(TestMethodWorker.java:129)
	at org.testng.internal.TestMethodWorker.run(TestMethodWorker.java:112)
	at org.testng.TestRunner.privateRun(TestRunner.java:756)
	at org.testng.TestRunner.run(TestRunner.java:610)
	at org.testng.SuiteRunner.runTest(SuiteRunner.java:387)
	at org.testng.SuiteRunner.runSequentially(SuiteRunner.java:382)
	at org.testng.SuiteRunner.privateRun(SuiteRunner.java:340)
	at org.testng.SuiteRunner.run(SuiteRunner.java:289)
	at org.testng.SuiteRunnerWorker.runSuite(SuiteRunnerWorker.java:52)
	at org.testng.SuiteRunnerWorker.run(SuiteRunnerWorker.java:86)
	at org.testng.TestNG.runSuitesSequentially(TestNG.java:1293)
	at org.testng.TestNG.runSuitesLocally(TestNG.java:1218)
	at org.testng.TestNG.runSuites(TestNG.java:1133)
	at org.testng.TestNG.run(TestNG.java:1104)
	at org.testng.remote.AbstractRemoteTestNG.run(AbstractRemoteTestNG.java:114)
	at org.testng.remote.RemoteTestNG.initAndRun(RemoteTestNG.java:251)
	at org.testng.remote.RemoteTestNG.main(RemoteTestNG.java:77)
]]>
            </full-stacktrace>
          </exception> <!-- java.lang.AssertionError -->
          <reporter-output>
          </reporter-output>
        </test-method> <!-- createAccount -->
        <test-method status="PASS" signature="beforeMethod(java.lang.reflect.Method)[pri:0, instance:com.jaga.hybrid.testscripts.AccountCreation@1083826]" name="beforeMethod" is-config="true" duration-ms="0" started-at="2018-04-20T09:21:31Z" finished-at="2018-04-20T09:21:31Z">
          <params>
            <param index="0">
              <value>
                <![CDATA[public void com.jaga.hybrid.testscripts.AccountCreation.createAccount(java.lang.String,java.lang.String,java.lang.String,java.lang.String,java.lang.String,java.lang.String,java.lang.String,java.lang.String,java.lang.String,java.lang.String,java.lang.String,java.lang.String,java.lang.String)]]>
              </value>
            </param>
          </params>
          <reporter-output>
          </reporter-output>
        </test-method> <!-- beforeMethod -->
        <test-method status="PASS" signature="afterMethod(org.testng.ITestResult)[pri:0, instance:com.jaga.hybrid.testscripts.AccountCreation@1083826]" name="afterMethod" is-config="true" duration-ms="465" started-at="2018-04-20T09:21:39Z" finished-at="2018-04-20T09:21:40Z">
          <params>
            <param index="0">
              <value>
                <![CDATA[[TestResult name=createAccount status=FAILURE method=AccountCreation.createAccount(java.lang.String, java.lang.String, java.lang.String, java.lang.String, java.lang.String, java.lang.String, java.lang.String, java.lang.String, java.lang.String, java.lang.String, java.lang.String, java.lang.String, java.lang.String)[pri:0, instance:com.jaga.hybrid.testscripts.AccountCreation@1083826] output={null}]]]>
              </value>
            </param>
          </params>
          <reporter-output>
          </reporter-output>
        </test-method> <!-- afterMethod -->
        <test-method status="PASS" signature="afterClass()[pri:0, instance:com.jaga.hybrid.testscripts.AccountCreation@1083826]" name="afterClass" is-config="true" duration-ms="1599" started-at="2018-04-20T09:21:40Z" finished-at="2018-04-20T09:21:41Z">
          <reporter-output>
          </reporter-output>
        </test-method> <!-- afterClass -->
      </class> <!-- com.jaga.hybrid.testscripts.AccountCreation -->
    </test> <!-- Default test -->
  </suite> <!-- Default suite -->
</testng-results>
